<?xml version="1.0" encoding="utf-8"?><testsuites name="pytest tests"><testsuite name="pytest" errors="2" failures="0" skipped="0" tests="18" time="52.320" timestamp="2026-06-26T16:33:42.764496+00:00" hostname="agent-env-7630cff9-a469-4791-8d4f-93e1187c8a4d"><testcase classname="tests.backend_test.TestDestinations" name="test_list_destinations" time="0.892" /><testcase classname="tests.backend_test.TestAuth" name="test_signup_and_token" time="0.895" /><testcase classname="tests.backend_test.TestDestinations" name="test_get_destination_by_id" time="0.089" /><testcase classname="tests.backend_test.TestAuth" name="test_duplicate_signup" time="0.082" /><testcase classname="tests.backend_test.TestDestinations" name="test_destination_not_found" time="0.530" /><testcase classname="tests.backend_test.TestAuth" name="test_login_ok" time="0.522" /><testcase classname="tests.backend_test.TestAuth" name="test_login_wrong" time="0.476" /><testcase classname="tests.backend_test.TestPackages" name="test_list_packages" time="0.483" /><testcase classname="tests.backend_test.TestAuth" name="test_me_with_token" time="0.054" /><testcase classname="tests.backend_test.TestPackages" name="test_filter_honeymoon" time="0.060" /><testcase classname="tests.backend_test.TestAuth" name="test_me_no_token" time="0.064" /><testcase classname="tests.backend_test.TestPackages" name="test_get_package_with_itinerary" time="0.057" /><testcase classname="tests.backend_test.TestMisc" name="test_contact" time="0.098" /><testcase classname="tests.backend_test.TestMisc" name="test_newsletter" time="0.105" /><testcase classname="tests.backend_test.TestMisc" name="test_stats" time="0.055" /><testcase classname="tests.backend_test.TestBookings" name="test_create_booking_and_list" time="0.068"><error message="failed on setup with &quot;AssertionError: signup failed: 400 {&quot;detail&quot;:&quot;Email already registered&quot;}&#10;assert 400 == 200&#10; +  where 400 = &lt;Response [400]&gt;.status_code&quot;">backend/tests/backend_test.py:28: in auth
    assert r.status_code == 200, f"signup failed: {r.status_code} {r.text}"
E   AssertionError: signup failed: 400 {"detail":"Email already registered"}
E   assert 400 == 200
E    +  where 400 = &lt;Response [400]&gt;.status_code</error></testcase><testcase classname="tests.backend_test.TestWishlist" name="test_wishlist_flow" time="0.003"><error message="failed on setup with &quot;AssertionError: signup failed: 400 {&quot;detail&quot;:&quot;Email already registered&quot;}&#10;assert 400 == 200&#10; +  where 400 = &lt;Response [400]&gt;.status_code&quot;">backend/tests/backend_test.py:28: in auth
    assert r.status_code == 200, f"signup failed: {r.status_code} {r.text}"
E   AssertionError: signup failed: 400 {"detail":"Email already registered"}
E   assert 400 == 200
E    +  where 400 = &lt;Response [400]&gt;.status_code</error></testcase><testcase classname="tests.backend_test.TestAI" name="test_plan_trip_bali" time="47.317" /></testsuite></testsuites>