<?xml version="1.0" encoding="utf-8"?><testsuites name="pytest tests"><testsuite name="pytest" errors="0" failures="0" skipped="0" tests="23" time="5.132" timestamp="2026-06-29T02:44:57.541373+00:00" hostname="agent-env-590c30ba-c569-44b6-b50e-f62d83ef10d5"><testcase classname="tests.test_campusrent_api.TestAuth" name="test_me_no_auth_returns_401" time="0.212" /><testcase classname="tests.test_campusrent_api.TestItems" name="test_list_items_public" time="0.215" /><testcase classname="tests.test_campusrent_api.TestAuth" name="test_me_with_bearer" time="0.099" /><testcase classname="tests.test_campusrent_api.TestItems" name="test_list_items_category_filter" time="0.114" /><testcase classname="tests.test_campusrent_api.TestAuth" name="test_me_with_cookie" time="0.098" /><testcase classname="tests.test_campusrent_api.TestItems" name="test_list_items_search" time="0.096" /><testcase classname="tests.test_campusrent_api.TestAuth" name="test_me_invalid_token" time="0.101" /><testcase classname="tests.test_campusrent_api.TestItems" name="test_list_items_sort_price_low" time="0.102" /><testcase classname="tests.test_campusrent_api.TestAuth" name="test_profile_update" time="0.254" /><testcase classname="tests.test_campusrent_api.TestItems" name="test_get_item_detail" time="0.280" /><testcase classname="tests.test_campusrent_api.TestRequests" name="test_cannot_request_own_item" time="0.298" /><testcase classname="tests.test_campusrent_api.TestItems" name="test_get_item_404" time="0.101" /><testcase classname="tests.test_campusrent_api.TestItems" name="test_create_item_requires_auth" time="0.135" /><testcase classname="tests.test_campusrent_api.TestItems" name="test_create_update_delete_item" time="0.908" /><testcase classname="tests.test_campusrent_api.TestRequests" name="test_full_booking_flow_accept" time="1.317" /><testcase classname="tests.test_campusrent_api.TestItems" name="test_like_toggle" time="0.202" /><testcase classname="tests.test_campusrent_api.TestItems" name="test_favorites_and_my_listings" time="0.387" /><testcase classname="tests.test_campusrent_api.TestRequests" name="test_reject_flow" time="0.412" /><testcase classname="tests.test_campusrent_api.TestReviews" name="test_cannot_review_self" time="0.093" /><testcase classname="tests.test_campusrent_api.TestReviews" name="test_create_review_and_public_profile" time="0.205" /><testcase classname="tests.test_campusrent_api.TestUpload" name="test_upload_requires_auth" time="0.099" /><testcase classname="tests.test_campusrent_api.TestChat" name="test_create_conversation_and_send_messages" time="1.696" /><testcase classname="tests.test_campusrent_api.TestUpload" name="test_upload_and_get_file" time="1.487" /></testsuite></testsuites>